SF:lib\config\routes.dart
DA:27,2
DA:28,2
DA:29,0
DA:30,0
DA:31,0
DA:32,0
DA:33,0
DA:34,0
DA:35,0
DA:36,0
DA:37,0
DA:38,0
DA:39,0
DA:43,2
DA:44,2
DA:47,0
DA:49,0
DA:50,0
DA:53,0
DA:54,0
LF:20
LH:4
end_of_record
SF:lib\screens\home_screen.dart
DA:10,4
DA:12,1
DA:14,1
DA:15,1
DA:16,1
DA:17,1
DA:21,1
DA:24,1
DA:25,1
DA:27,1
DA:28,1
DA:35,1
DA:36,1
DA:37,1
DA:43,1
DA:47,1
DA:49,1
DA:70,1
DA:71,0
DA:72,0
DA:73,1
DA:93,1
DA:95,1
DA:97,1
DA:98,1
DA:108,1
DA:109,1
DA:110,1
DA:111,2
DA:115,0
DA:116,0
DA:120,0
DA:123,0
DA:124,0
DA:125,0
DA:126,0
DA:127,0
DA:128,0
DA:129,0
DA:130,0
DA:132,0
DA:141,1
DA:145,1
DA:149,1
DA:150,1
DA:152,1
DA:154,1
DA:162,1
DA:163,0
DA:170,1
LF:50
LH:35
end_of_record
SF:lib\screens\shop_screen.dart
DA:9,4
DA:11,0
DA:12,0
DA:19,0
DA:21,0
DA:22,0
DA:23,0
DA:24,0
DA:26,0
DA:29,0
DA:30,0
DA:40,0
DA:43,0
DA:44,0
DA:46,0
DA:55,0
DA:56,0
DA:71,0
DA:72,0
DA:73,0
DA:79,0
DA:81,0
DA:90,0
DA:91,0
DA:114,0
DA:115,0
DA:116,0
DA:125,0
DA:126,0
DA:127,0
DA:128,0
DA:132,0
DA:133,0
DA:136,0
DA:137,0
DA:138,0
DA:141,0
DA:142,0
DA:143,0
DA:144,0
DA:145,0
DA:146,0
DA:147,0
DA:148,0
DA:151,0
DA:155,0
DA:158,0
DA:161,0
DA:162,0
DA:163,0
DA:164,0
DA:165,0
DA:166,0
DA:167,0
DA:168,0
DA:170,0
LF:56
LH:1
end_of_record
SF:lib\screens\print_shop_screen.dart
DA:6,4
DA:8,0
DA:9,0
DA:19,0
DA:21,0
DA:23,0
DA:24,0
DA:25,0
DA:27,0
DA:30,0
DA:31,0
DA:40,0
DA:43,0
DA:44,0
DA:47,0
DA:49,0
DA:50,0
DA:51,0
DA:53,0
DA:54,0
DA:56,0
DA:57,0
DA:58,0
DA:59,0
DA:60,0
DA:62,0
DA:63,0
DA:64,0
DA:65,0
DA:67,0
DA:68,0
DA:69,0
DA:70,0
DA:72,0
DA:73,0
DA:74,0
DA:75,0
DA:84,0
DA:87,0
DA:89,0
DA:120,0
DA:121,0
DA:130,0
DA:131,0
DA:132,0
DA:144,0
DA:145,0
DA:149,0
DA:150,0
DA:151,0
DA:152,0
DA:157,0
DA:158,0
DA:164,0
DA:165,0
DA:166,0
DA:170,0
DA:171,0
DA:172,0
DA:178,0
DA:179,0
DA:180,0
DA:184,0
DA:185,0
DA:186,0
DA:192,0
DA:193,0
DA:194,0
LF:68
LH:1
end_of_record
SF:lib\screens\sale_screen.dart
DA:9,4
DA:11,0
DA:13,0
DA:14,0
DA:15,0
DA:16,0
DA:18,0
DA:21,0
DA:22,0
DA:48,0
DA:49,0
DA:50,0
DA:51,0
DA:55,0
DA:56,0
DA:57,0
DA:59,0
DA:63,0
DA:66,0
DA:69,0
DA:70,0
DA:71,0
DA:72,0
DA:73,0
DA:74,0
DA:75,0
DA:76,0
DA:78,0
LF:28
LH:1
end_of_record
SF:lib\screens\about_screen.dart
DA:7,4
DA:9,1
DA:11,1
DA:12,1
DA:13,1
DA:14,1
DA:16,1
DA:19,1
DA:20,1
DA:22,1
DA:23,1
DA:42,1
DA:43,1
DA:49,1
DA:54,1
DA:55,1
DA:56,1
DA:57,1
LF:18
LH:18
end_of_record
SF:lib\screens\product_detail_screen.dart
DA:9,4
DA:11,0
DA:12,0
DA:20,0
DA:23,0
DA:25,0
DA:27,0
DA:28,0
DA:29,0
DA:31,0
DA:34,0
DA:35,0
DA:36,0
DA:37,0
DA:41,0
DA:44,0
DA:45,0
DA:47,0
DA:48,0
DA:51,0
DA:53,0
DA:54,0
DA:56,0
DA:58,0
DA:60,0
DA:62,0
DA:63,0
DA:64,0
DA:71,0
DA:72,0
DA:73,0
DA:74,0
DA:75,0
DA:77,0
DA:80,0
DA:85,0
DA:87,0
DA:88,0
DA:99,0
DA:108,0
DA:109,0
DA:111,0
DA:112,0
DA:114,0
DA:116,0
DA:117,0
DA:118,0
DA:119,0
DA:125,0
DA:134,0
DA:135,0
DA:137,0
DA:138,0
DA:140,0
DA:142,0
DA:143,0
DA:144,0
DA:145,0
DA:151,0
DA:158,0
DA:159,0
DA:160,0
DA:161,0
DA:162,0
DA:163,0
DA:164,0
DA:165,0
DA:171,0
DA:172,0
DA:175,0
DA:176,0
DA:177,0
DA:178,0
DA:179,0
DA:187,0
DA:188,0
DA:189,0
DA:190,0
DA:192,0
DA:193,0
DA:194,0
DA:196,0
DA:205,0
DA:206,0
LF:84
LH:1
end_of_record
SF:lib\screens\account_screen.dart
DA:6,4
DA:8,0
DA:9,0
DA:15,0
DA:19,0
DA:23,0
DA:25,0
DA:26,0
DA:27,0
DA:28,0
DA:30,0
DA:33,0
DA:34,0
DA:36,0
DA:37,0
DA:38,0
DA:39,0
DA:47,0
DA:63,0
DA:65,0
DA:66,0
DA:71,0
DA:72,0
DA:73,0
DA:74,0
DA:79,0
DA:103,0
DA:105,0
DA:106,0
DA:111,0
DA:112,0
DA:113,0
DA:114,0
LF:33
LH:1
end_of_record
SF:lib\screens\cart_screen.dart
DA:7,4
DA:9,0
DA:11,0
DA:12,0
DA:13,0
DA:14,0
DA:15,0
DA:16,0
DA:18,0
DA:22,0
DA:23,0
DA:33,0
DA:34,0
DA:35,0
DA:36,0
DA:37,0
DA:39,0
DA:40,0
DA:41,0
DA:42,0
DA:45,0
DA:46,0
DA:48,0
DA:49,0
DA:50,0
DA:51,0
DA:57,0
DA:58,0
DA:61,0
DA:62,0
DA:63,0
DA:69,0
DA:70,0
DA:71,0
DA:72,0
DA:73,0
DA:74,0
DA:78,0
DA:79,0
DA:80,0
DA:81,0
DA:82,0
DA:83,0
DA:84,0
DA:86,0
DA:91,0
DA:92,0
DA:96,0
DA:97,0
DA:101,0
DA:102,0
DA:103,0
DA:104,0
DA:105,0
DA:115,0
DA:117,0
DA:118,0
DA:119,0
DA:126,0
DA:127,0
DA:128,0
DA:129,0
DA:142,0
DA:144,0
DA:152,0
DA:153,0
DA:162,0
DA:164,0
DA:165,0
DA:166,0
DA:167,0
DA:168,0
DA:175,0
LF:73
LH:1
end_of_record
SF:lib\screens\print_shop_about_screen.dart
DA:6,4
DA:8,0
DA:10,0
DA:11,0
DA:12,0
DA:13,0
DA:15,0
DA:18,0
DA:19,0
DA:21,0
DA:23,0
DA:24,0
LF:12
LH:1
end_of_record
SF:lib\screens\collection_screen.dart
DA:11,4
DA:13,0
DA:14,0
DA:20,0
DA:23,0
DA:25,0
DA:26,0
DA:27,0
DA:28,0
DA:30,0
DA:33,0
DA:35,0
DA:36,0
DA:37,0
DA:38,0
DA:40,0
DA:41,0
DA:42,0
DA:50,0
DA:52,0
DA:53,0
DA:60,0
DA:61,0
DA:63,0
DA:72,0
DA:73,0
DA:96,0
DA:97,0
DA:98,0
DA:104,0
DA:105,0
DA:106,0
DA:107,0
DA:108,0
DA:112,0
DA:115,0
DA:116,0
DA:117,0
DA:120,0
DA:121,0
DA:122,0
DA:123,0
DA:124,0
DA:125,0
DA:126,0
DA:127,0
DA:130,0
DA:134,0
DA:137,0
DA:140,0
DA:141,0
DA:142,0
DA:143,0
DA:144,0
DA:145,0
DA:146,0
DA:147,0
DA:149,0
LF:58
LH:1
end_of_record
SF:lib\screens\collections_list_screen.dart
DA:8,4
DA:10,0
DA:12,0
DA:13,0
DA:14,0
DA:15,0
DA:17,0
DA:20,0
DA:21,0
DA:31,0
DA:32,0
DA:33,0
DA:34,0
DA:38,0
DA:40,0
DA:44,0
DA:47,0
DA:51,0
DA:52,0
DA:53,0
DA:54,0
DA:56,0
DA:59,0
DA:60,0
DA:61,0
DA:62,0
DA:66,0
DA:67,0
DA:68,0
DA:70,0
DA:71,0
DA:72,0
DA:83,0
LF:33
LH:1
end_of_record
SF:lib\models\cart_item.dart
DA:9,2
DA:16,2
DA:17,12
DA:18,4
DA:21,4
DA:23,2
DA:29,2
DA:30,2
DA:31,1
DA:32,2
DA:33,2
LF:11
LH:11
end_of_record
SF:lib\models\product.dart
DA:13,3
DA:26,1
DA:27,1
DA:28,1
DA:29,1
DA:30,1
DA:31,2
DA:32,1
DA:33,1
DA:34,1
DA:35,2
DA:36,2
DA:37,2
DA:41,1
DA:42,1
DA:43,1
DA:44,1
DA:45,1
DA:46,1
DA:47,1
DA:48,1
DA:49,1
DA:50,1
DA:51,1
DA:52,1
DA:56,4
DA:58,3
DA:60,5
DA:62,9
DA:64,18
DA:66,4
LF:31
LH:31
end_of_record
SF:lib\models\collection.dart
DA:7,1
DA:14,1
DA:15,1
DA:16,1
DA:17,1
DA:18,1
DA:19,1
DA:23,1
DA:24,1
DA:25,1
DA:26,1
DA:27,1
DA:28,1
LF:13
LH:13
end_of_record
SF:lib\widgets\app_header.dart
DA:5,4
DA:7,0
DA:11,0
DA:12,0
DA:15,3
DA:16,3
DA:17,0
DA:18,3
DA:22,1
DA:23,1
DA:24,1
DA:25,1
DA:26,1
DA:27,1
DA:32,1
DA:33,1
DA:35,1
DA:36,1
DA:38,1
DA:40,1
DA:41,1
DA:42,1
DA:43,1
DA:44,1
DA:45,1
DA:47,1
DA:48,1
DA:56,3
DA:58,12
DA:60,3
DA:62,3
DA:64,3
DA:65,3
DA:69,3
DA:72,3
DA:78,3
DA:81,3
DA:82,3
DA:83,3
DA:84,0
DA:85,3
DA:89,2
DA:90,2
DA:91,2
DA:103,3
DA:104,3
DA:105,3
DA:106,3
DA:108,3
DA:114,0
DA:115,0
DA:117,0
DA:133,3
DA:135,3
DA:141,0
DA:142,0
DA:144,0
DA:156,3
DA:157,3
DA:160,3
DA:162,3
DA:164,3
DA:167,1
DA:168,1
DA:170,3
DA:173,1
DA:174,1
DA:177,1
DA:179,2
LF:69
LH:58
end_of_record
SF:lib\widgets\app_footer.dart
DA:5,4
DA:7,1
DA:8,1
DA:9,2
DA:15,2
DA:23,3
DA:25,3
DA:29,3
DA:30,3
DA:31,3
DA:34,3
DA:35,3
DA:37,3
DA:39,3
DA:40,3
DA:41,3
DA:43,3
DA:44,3
DA:45,3
DA:46,3
DA:47,3
DA:48,3
DA:52,3
DA:54,3
DA:56,3
DA:57,3
DA:58,3
DA:60,3
DA:61,3
DA:62,1
DA:63,3
DA:66,3
DA:68,3
DA:69,1
DA:70,3
DA:73,3
DA:78,3
DA:80,3
DA:81,3
DA:82,3
DA:83,3
DA:85,3
DA:86,3
DA:87,3
DA:89,3
DA:90,3
DA:92,3
DA:94,3
DA:95,3
DA:98,3
DA:99,3
DA:100,1
DA:101,2
DA:103,3
LF:54
LH:54
end_of_record
SF:lib\services\cart_service.dart
DA:6,3
DA:7,2
DA:8,1
DA:12,2
DA:14,1
DA:16,2
DA:17,2
DA:22,1
DA:24,2
DA:25,2
DA:30,4
DA:32,3
DA:34,1
DA:35,3
DA:41,1
DA:44,1
DA:45,2
DA:46,1
DA:49,1
DA:50,1
DA:51,2
DA:53,5
DA:55,1
DA:58,1
DA:59,2
DA:60,1
LF:26
LH:26
end_of_record
SF:lib\widgets\product_card.dart
DA:11,0
DA:21,1
DA:23,1
DA:24,1
DA:25,1
DA:27,2
DA:30,2
DA:31,1
DA:32,1
DA:33,1
DA:38,1
DA:39,1
DA:49,1
DA:50,1
DA:51,1
DA:52,1
DA:53,1
DA:56,1
DA:59,2
DA:61,1
DA:62,1
LF:21
LH:20
end_of_record
SF:lib\utils\product_loader.dart
DA:5,1
DA:6,2
DA:7,0
DA:8,0
DA:11,0
DA:12,0
DA:13,0
DA:14,0
LF:8
LH:2
end_of_record
SF:lib\utils\collection_loader.dart
DA:5,0
DA:7,0
DA:8,0
DA:9,0
DA:12,0
DA:13,0
DA:14,0
DA:15,0
LF:8
LH:0
end_of_record
SF:lib\utils\validation.dart
DA:1,2
DA:2,2
DA:6,2
DA:7,2
LF:4
LH:4
end_of_record
SF:lib\main.dart
DA:5,0
DA:6,0
DA:7,0
DA:11,1
DA:13,1
DA:15,1
DA:18,1
DA:19,1
DA:23,1
DA:25,1
DA:26,2
DA:28,6
DA:29,1
DA:30,0
DA:31,0
DA:32,1
DA:33,1
DA:34,2
DA:39,3
DA:40,3
DA:41,1
DA:42,0
DA:43,0
DA:44,1
DA:45,1
DA:46,2
LF:26
LH:19
end_of_record
